#
# There is insufficient memory for the Java Runtime Environment to continue.
# Native memory allocation (mmap) failed to map 121634816 bytes. Error detail: G1 virtual space
# Possible reasons:
#   The system is out of physical RAM or swap space
#   This process is running with CompressedOops enabled, and the Java Heap may be blocking the growth of the native heap
# Possible solutions:
#   Reduce memory load on the system
#   Increase physical memory or swap space
#   Check if swap backing store is full
#   Decrease Java heap size (-Xmx/-Xms)
#   Decrease number of Java threads
#   Decrease Java thread stack sizes (-Xss)
#   Set larger code cache with -XX:ReservedCodeCacheSize=
#   JVM is running with Unscaled Compressed Oops mode in which the Java heap is
#     placed in the first 4GB address space. The Java Heap base address is the
#     maximum limit for the native heap growth. Please use -XX:HeapBaseMinAddress
#     to set the Java Heap base and to place the Java Heap above 4GB virtual address.
# This output file may be truncated or incomplete.
#
#  Out of Memory Error (os_windows.cpp:3714), pid=26532, tid=27380
#
# JRE version:  (21.0.10+7) (build )
# Java VM: OpenJDK 64-Bit Server VM (21.0.10+7-LTS, mixed mode, sharing, tiered, compressed oops, compressed class ptrs, g1 gc, windows-amd64)
# No core dump will be written. Minidumps are not enabled by default on client versions of Windows
#

---------------  S U M M A R Y ------------

Command Line: -ea -Dfile.encoding=UTF-8 -Dstdout.encoding=UTF-8 -Dstderr.encoding=UTF-8 -XX:+ShowCodeDetailsInExceptionMessages org.testng.remote.RemoteTestNG -serport 61066 -protocol json -d C:\Users\ELCOT\eclipse-workspace\openCart\test-output C:\Users\ELCOT\eclipse-workspace\openCart\grid.xml

Host: AMD Ryzen 3 7320U with Radeon Graphics         , 8 cores, 7G,  Windows 11 , 64 bit Build 26100 (10.0.26100.8246)
Time: Tue Apr 21 14:22:10 2026 India Standard Time elapsed time: 2.073438 seconds (0d 0h 0m 2s)

---------------  T H R E A D  ---------------

Current thread (0x00000250ecf38b90):  JavaThread "Unknown thread" [_thread_in_vm, id=27380, stack(0x0000005ef3700000,0x0000005ef3800000) (1024K)]

Stack: [0x0000005ef3700000,0x0000005ef3800000]
Native frames: (J=compiled Java code, j=interpreted, Vv=VM code, C=native code)
V  [jvm.dll+0x6d7a39]
V  [jvm.dll+0x8b4b26]
V  [jvm.dll+0x8b70de]
V  [jvm.dll+0x8b77c3]
V  [jvm.dll+0x284346]
V  [jvm.dll+0x6d4355]
V  [jvm.dll+0x6c808a]
V  [jvm.dll+0x35edb8]
V  [jvm.dll+0x3669f6]
V  [jvm.dll+0x3b7afe]
V  [jvm.dll+0x3b7da8]
V  [jvm.dll+0x332fbc]
V  [jvm.dll+0x333b0b]
V  [jvm.dll+0x87eadb]
V  [jvm.dll+0x3c4a81]
V  [jvm.dll+0x867d25]
V  [jvm.dll+0x457b31]
V  [jvm.dll+0x459721]
C  [jli.dll+0x52d0]
C  [ucrtbase.dll+0x37b0]
C  [KERNEL32.DLL+0x2e8d7]
C  [ntdll.dll+0x8c3fc]


---------------  P R O C E S S  ---------------

Threads class SMR info:
_java_thread_list=0x00007ffaa8d1a1c8, length=0, elements={
}

Java Threads: ( => current thread )
Total: 0

Other Threads:
  0x00000250ef3d4510 WorkerThread "GC Thread#0"                     [id=26240, stack(0x0000005ef3800000,0x0000005ef3900000) (1024K)]
  0x00000250ef3e42e0 ConcurrentGCThread "G1 Main Marker"            [id=16764, stack(0x0000005ef3900000,0x0000005ef3a00000) (1024K)]
  0x00000250ef3e7750 WorkerThread "G1 Conc#0"                       [id=27292, stack(0x0000005ef3a00000,0x0000005ef3b00000) (1024K)]

[error occurred during error reporting (printing all threads), id 0xc0000005, EXCEPTION_ACCESS_VIOLATION (0xc0000005) at pc=0x00007ffaa84156a7]
VM state: not at safepoint (not fully initialized)

VM Mutex/Monitor currently owned by a thread:  ([mutex/lock_event])
[0x00007ffaa8d8e660] Heap_lock - owner thread: 0x00000250ecf38b90

Heap address: 0x000000008ca00000, size: 1846 MB, Compressed Oops mode: 32-bit

CDS archive(s) mapped at: [0x0000000000000000-0x0000000000000000-0x0000000000000000), size 0, SharedBaseAddress: 0x0000000800000000, ArchiveRelocationMode: 1.
Narrow klass base: 0x0000000000000000, Narrow klass shift: 0, Narrow klass range: 0x0

GC Precious Log:
 CardTable entry size: 512
 Card Set container configuration: InlinePtr #cards 5 size 8 Array Of Cards #cards 12 size 40 Howl #buckets 4 coarsen threshold 1843 Howl Bitmap #cards 512 size 80 coarsen threshold 460 Card regions per heap region 1 cards per card region 2048

Heap:
 garbage-first heap   total 0K, used 0K [0x000000008ca00000, 0x0000000100000000)
  region size 1024K, 0 young (0K), 0 survivors (0K)

[error occurred during error reporting (printing heap information), id 0xc0000005, EXCEPTION_ACCESS_VIOLATION (0xc0000005) at pc=0x00007ffaa88013b9]
GC Heap History (0 events):
No events

Dll operation events (1 events):
Event: 0.041 Loaded shared library C:\Users\ELCOT\.p2\pool\plugins\org.eclipse.justj.openjdk.hotspot.jre.full.win32.x86_64_21.0.10.v20260205-0638\jre\bin\java.dll

Deoptimization events (0 events):
No events

Classes loaded (0 events):
No events

Classes unloaded (0 events):
No events

Classes redefined (0 events):
No events

Internal exceptions (0 events):
No events

ZGC Phase Switch (0 events):
No events

VM Operations (0 events):
No events

Memory protections (0 events):
No events

Nmethod flushes (0 events):
No events

Events (0 events):
No events


Dynamic libraries:
0x00007ff67b420000 - 0x00007ff67b42e000 	C:\Users\ELCOT\.p2\pool\plugins\org.eclipse.justj.openjdk.hotspot.jre.full.win32.x86_64_21.0.10.v20260205-0638\jre\bin\javaw.exe
0x00007ffb61a00000 - 0x00007ffb61c67000 	C:\windows\SYSTEM32\ntdll.dll
0x00007ffb60140000 - 0x00007ffb60209000 	C:\windows\System32\KERNEL32.DLL
0x00007ffb5e2d0000 - 0x00007ffb5e6c4000 	C:\windows\System32\KERNELBASE.dll
0x00007ffb5f180000 - 0x00007ffb5f2cb000 	C:\windows\System32\ucrtbase.dll
0x00007ffb37a30000 - 0x00007ffb37a48000 	C:\Users\ELCOT\.p2\pool\plugins\org.eclipse.justj.openjdk.hotspot.jre.full.win32.x86_64_21.0.10.v20260205-0638\jre\bin\jli.dll
0x00007ffb60e50000 - 0x00007ffb61015000 	C:\windows\System32\USER32.dll
0x00007ffb5f2d0000 - 0x00007ffb5f2f7000 	C:\windows\System32\win32u.dll
0x00007ffb605f0000 - 0x00007ffb6061b000 	C:\windows\System32\GDI32.dll
0x00007ffb5f300000 - 0x00007ffb5f42b000 	C:\windows\System32\gdi32full.dll
0x00007ffb5f430000 - 0x00007ffb5f4d3000 	C:\windows\System32\msvcp_win.dll
0x00007ffb34b30000 - 0x00007ffb34b4e000 	C:\Users\ELCOT\.p2\pool\plugins\org.eclipse.justj.openjdk.hotspot.jre.full.win32.x86_64_21.0.10.v20260205-0638\jre\bin\VCRUNTIME140.dll
0x00007ffb4d700000 - 0x00007ffb4d993000 	C:\windows\WinSxS\amd64_microsoft.windows.common-controls_6595b64144ccf1df_6.0.26100.8115_none_3e075c82e3354f9c\COMCTL32.dll
0x00007ffb606d0000 - 0x00007ffb60779000 	C:\windows\System32\msvcrt.dll
0x00007ffb5f820000 - 0x00007ffb5f852000 	C:\windows\System32\IMM32.DLL
0x00007ffb45310000 - 0x00007ffb4531c000 	C:\Users\ELCOT\.p2\pool\plugins\org.eclipse.justj.openjdk.hotspot.jre.full.win32.x86_64_21.0.10.v20260205-0638\jre\bin\vcruntime140_1.dll
0x00007ffb311c0000 - 0x00007ffb3124d000 	C:\Users\ELCOT\.p2\pool\plugins\org.eclipse.justj.openjdk.hotspot.jre.full.win32.x86_64_21.0.10.v20260205-0638\jre\bin\msvcp140.dll
0x00007ffaa80d0000 - 0x00007ffaa8e71000 	C:\Users\ELCOT\.p2\pool\plugins\org.eclipse.justj.openjdk.hotspot.jre.full.win32.x86_64_21.0.10.v20260205-0638\jre\bin\server\jvm.dll
0x00007ffb603b0000 - 0x00007ffb60466000 	C:\windows\System32\ADVAPI32.dll
0x00007ffb60620000 - 0x00007ffb606c7000 	C:\windows\System32\sechost.dll
0x00007ffb5f890000 - 0x00007ffb5f9a8000 	C:\windows\System32\RPCRT4.dll
0x00007ffb5f790000 - 0x00007ffb5f810000 	C:\windows\System32\WS2_32.dll
0x00007ffb5e130000 - 0x00007ffb5e18e000 	C:\windows\SYSTEM32\POWRPROF.dll
0x00007ffb580a0000 - 0x00007ffb580ab000 	C:\windows\SYSTEM32\VERSION.dll
0x00007ffb51ac0000 - 0x00007ffb51af6000 	C:\windows\SYSTEM32\WINMM.dll
0x00007ffb5e110000 - 0x00007ffb5e124000 	C:\windows\SYSTEM32\UMPDC.dll
0x00007ffb5d060000 - 0x00007ffb5d07b000 	C:\windows\SYSTEM32\kernel.appcore.dll
0x00007ffb561d0000 - 0x00007ffb561da000 	C:\Users\ELCOT\.p2\pool\plugins\org.eclipse.justj.openjdk.hotspot.jre.full.win32.x86_64_21.0.10.v20260205-0638\jre\bin\jimage.dll
0x00007ffb5c2f0000 - 0x00007ffb5c532000 	C:\windows\SYSTEM32\DBGHELP.DLL
0x00007ffb61430000 - 0x00007ffb617b2000 	C:\windows\System32\combase.dll
0x00007ffb60780000 - 0x00007ffb60858000 	C:\windows\System32\OLEAUT32.dll
0x00007ffb4d9a0000 - 0x00007ffb4d9db000 	C:\windows\SYSTEM32\dbgcore.DLL
0x00007ffb5f4e0000 - 0x00007ffb5f585000 	C:\windows\System32\bcryptPrimitives.dll
0x00007ffb44a70000 - 0x00007ffb44a90000 	C:\Users\ELCOT\.p2\pool\plugins\org.eclipse.justj.openjdk.hotspot.jre.full.win32.x86_64_21.0.10.v20260205-0638\jre\bin\java.dll

JVMTI agents: none

dbghelp: loaded successfully - version: 4.0.5 - missing functions: none
symbol engine: initialized successfully - sym options: 0x614 - pdb path: .;C:\Users\ELCOT\.p2\pool\plugins\org.eclipse.justj.openjdk.hotspot.jre.full.win32.x86_64_21.0.10.v20260205-0638\jre\bin;C:\windows\SYSTEM32;C:\windows\WinSxS\amd64_microsoft.windows.common-controls_6595b64144ccf1df_6.0.26100.8115_none_3e075c82e3354f9c;C:\Users\ELCOT\.p2\pool\plugins\org.eclipse.justj.openjdk.hotspot.jre.full.win32.x86_64_21.0.10.v20260205-0638\jre\bin\server

VM Arguments:
jvm_args: -ea -Dfile.encoding=UTF-8 -Dstdout.encoding=UTF-8 -Dstderr.encoding=UTF-8 -XX:+ShowCodeDetailsInExceptionMessages 
java_command: org.testng.remote.RemoteTestNG -serport 61066 -protocol json -d C:\Users\ELCOT\eclipse-workspace\openCart\test-output C:\Users\ELCOT\eclipse-workspace\openCart\grid.xml
java_class_path (initial): C:\Users\ELCOT\eclipse\java-2025-124\eclipse\configuration\org.eclipse.osgi\535\0\.cp\lib\testng-remote.jar;C:\Users\ELCOT\eclipse-workspace\openCart\target\test-classes;C:\Users\ELCOT\eclipse-workspace\openCart\target\classes;C:\Users\ELCOT\.m2\repository\org\seleniumhq\selenium\selenium-java\4.41.0\selenium-java-4.41.0.jar;C:\Users\ELCOT\.m2\repository\org\seleniumhq\selenium\selenium-api\4.41.0\selenium-api-4.41.0.jar;C:\Users\ELCOT\.m2\repository\org\jspecify\jspecify\1.0.0\jspecify-1.0.0.jar;C:\Users\ELCOT\.m2\repository\org\seleniumhq\selenium\selenium-chrome-driver\4.41.0\selenium-chrome-driver-4.41.0.jar;C:\Users\ELCOT\.m2\repository\com\google\auto\service\auto-service-annotations\1.1.1\auto-service-annotations-1.1.1.jar;C:\Users\ELCOT\.m2\repository\org\seleniumhq\selenium\selenium-chromium-driver\4.41.0\selenium-chromium-driver-4.41.0.jar;C:\Users\ELCOT\.m2\repository\org\seleniumhq\selenium\selenium-json\4.41.0\selenium-json-4.41.0.jar;C:\Users\ELCOT\.m2\repository\org\seleniumhq\selenium\selenium-manager\4.41.0\selenium-manager-4.41.0.jar;C:\Users\ELCOT\.m2\repository\org\seleniumhq\selenium\selenium-devtools-v143\4.41.0\selenium-devtools-v143-4.41.0.jar;C:\Users\ELCOT\.m2\repository\org\seleniumhq\selenium\selenium-devtools-v144\4.41.0\selenium-devtools-v144-4.41.0.jar;C:\Users\ELCOT\.m2\repository\org\seleniumhq\selenium\selenium-devtools-v145\4.41.0\selenium-devtools-v145-4.41.0.jar;C:\Users\ELCOT\.m2\repository\org\seleniumhq\selenium\selenium-edge-driver\4.41.0\selenium-edge-driver-4.41.0.jar;C:\Users\ELCOT\.m2\repository\org\seleniumhq\selenium\selenium-firefox-driver\4.41.0\selenium-firefox-driver-4.41.0.jar;C:\Users\ELCOT\.m2\repository\org\seleniumhq\selenium\selenium-http\4.41.0\selenium-http-4.41.0.jar;C:\Users\ELCOT\.m2\repository\org\seleniumhq\selenium\selenium-ie-driver\4.41.0\selenium-ie-driver-4.41.0.jar;C:\Users\ELCOT\.m2\repository\org\seleniumhq\selenium\selenium-remote-driver\4.41.0\selenium-remote-driver-4.41.0.jar;C:\Users\ELCOT\.m2\repository\com\google\guava\guava\33.5.0-jre\guava-33.5.0-jre.jar;C:\Users\ELCOT\.m2\repository\com\google\guava\failureaccess\1.0.3\failureaccess-1.0.3.jar;C:\Users\ELCOT\.m2\repository\com\google\guava\listenablefuture\9999.0-empty-to-avoid-conflict-with-guava\listenablefuture-9999.0-empty-to-avoid-conflict-with-guava.jar;C:\Users\ELCOT\.m2\repository\com\google\errorprone\error_prone_annotations\2.41.0\error_prone_annotations-2.41.0.jar;C:\Users\ELCOT\.m2\repository\com\google\j2objc\j2objc-annotations\3.1\j2objc-annotations-3.1.jar;C:\Users\ELCOT\.m2\repository\io\opentelemetry\opentelemetry-api\1.59.0\opentelemetry-api-1.59.0.jar;C:\Users\ELCOT\.m2\repository\io\opentelemetry\opentelemetry-context\1.59.0\opentelemetry-context-1.59.0.jar;C:\Users\ELCOT\.m2\repository\io\opentelemetry\opentelemetry-common\1.59.0\opentelemetry-common-1.59.0.jar;C:\Users\ELCOT\.m2\repository\io\opentelemetry\opentelemetry-exporter-logging\1.59.0\opentelemetry-exporter-logging-1.59.0.jar;C:\Users\ELCOT\.m2\repository\io\opentelemetry\opentelemetry-sdk-common\1.59.0\opentelemetry-sdk-common-1.59.0.jar;C:\Users\ELCOT\.m2\repository\io\opentelemetry\opentelemetry-sdk-extension-autoconfigure-spi\1.59.0\opentelemetry-sdk-extension-autoconfigure-spi-1.59.0.jar;C:\Users\ELCOT\.m2\repository\io\opentelemetry\opentelemetry-sdk-extension-autoconfigure\1.59.0\opentelemetry-sdk-extension-autoconfigure-1.59.0.jar;C:\Users\ELCOT\.m2\repository\io\opentelemetry\opentelemetry-sdk-trace\1.59.0\opentelemetry-sdk-trace-1.59.0.jar;C:\Users\ELCOT\.m2\repository\io\opentelemetry\opentelemetry-sdk\1.59.0\opentelemetry-sdk-1.59.0.jar;C:\Users\ELCOT\.m2\repository\io\opentelemetry\opentelemetry-sdk-metrics\1.59.0\opentelemetry-sdk-metrics-1.59.0.jar;C:\Users\ELCOT\.m2\repository\io\opentelemetry\opentelemetry-sdk-logs\1.59.0\opentelemetry-sdk-logs-1.59.0.jar;C:\Users\ELCOT\.m2\repository\net\bytebuddy\byte-buddy\1.18.5\byte-buddy-1.18.5.jar;C:\Users\ELCOT\.m2\repository\org\seleniumhq\selenium\selenium-os\4.41.0\selenium-os-4.41.0.jar;C:\Users\ELCOT\.m2\repository\org\seleniumhq\selenium\selenium-safari-driver\4.41.0\selenium-safari-driver-4.41.0.jar;C:\Users\ELCOT\.m2\repository\org\seleniumhq\selenium\selenium-support\4.41.0\selenium-support-4.41.0.jar;C:\Users\ELCOT\.m2\repository\org\apache\poi\poi-ooxml\5.5.1\poi-ooxml-5.5.1.jar;C:\Users\ELCOT\.m2\repository\org\apache\poi\poi-ooxml-lite\5.5.1\poi-ooxml-lite-5.5.1.jar;C:\Users\ELCOT\.m2\repository\org\apache\xmlbeans\xmlbeans\5.3.0\xmlbeans-5.3.0.jar;C:\Users\ELCOT\.m2\repository\org\apache\commons\commons-compress\1.28.0\commons-compress-1.28.0.jar;C:\Users\ELCOT\.m2\repository\com\github\virtuald\curvesapi\1.08\curvesapi-1.08.jar;C:\Users\ELCOT\.m2\repository\org\apache\commons\commons-collections4\4.5.0\commons-collections4-4.5.0.jar;C:\Users\ELCOT\.m2\repository\org\apache\poi\poi\5.5.1\poi-5.5.1.jar;C:\Users\ELCOT\.m2\repository\commons-codec\commons-codec\1.20.0\commons-codec-1.20.0.jar;C:\Users\ELCOT\.m2\repository\org\apache\commons\commons-math3\3.6.1\commons-math3-3.6.1.jar;C:\Users\ELCOT\.m2\repository\com\zaxxer\SparseBitSet\1.3\SparseBitSet-1.3.jar;C:\Users\ELCOT\.m2\repository\org\apache\logging\log4j\log4j-core\2.25.4\log4j-core-2.25.4.jar;C:\Users\ELCOT\.m2\repository\org\apache\logging\log4j\log4j-api\2.25.4\log4j-api-2.25.4.jar;C:\Users\ELCOT\.m2\repository\org\apache\logging\log4j\log4j-slf4j-impl\2.25.4\log4j-slf4j-impl-2.25.4.jar;C:\Users\ELCOT\.m2\repository\org\slf4j\slf4j-api\1.7.36\slf4j-api-1.7.36.jar;C:\Users\ELCOT\.m2\repository\commons-io\commons-io\2.21.0\commons-io-2.21.0.jar;C:\Users\ELCOT\.m2\repository\org\apache\commons\commons-lang3\3.20.0\commons-lang3-3.20.0.jar;C:\Users\ELCOT\.m2\repository\org\testng\testng\7.12.0\testng-7.12.0.jar;C:\Users\ELCOT\.m2\repository\org\jcommander\jcommander\1.83\jcommander-1.83.jar;C:\Users\ELCOT\.m2\repository\org\webjars\jquery\3.7.1\jquery-3.7.1.jar;C:\Users\ELCOT\.m2\repository\com\aventstack\extentreports\5.1.2\extentreports-5.1.2.jar;C:\Users\ELCOT\.m2\repository\io\reactivex\rxjava3\rxjava\3.1.6\rxjava-3.1.6.jar;C:\Users\ELCOT\.m2\repository\org\reactivestreams\reactive-streams\1.0.4\reactive-streams-1.0.4.jar;C:\Users\ELCOT\.m2\repository\org\freemarker\freemarker\2.3.32\freemarker-2.3.32.jar;C:\Users\ELCOT\.m2\repository\org\projectlombok\lombok\1.18.26\lombok-1.18.26.jar;C:\Users\ELCOT\.m2\repository\com\google\code\gson\gson\2.10.1\gson-2.10.1.jar;C:\Users\ELCOT\.m2\repository\org\apache\commons\commons-email\1.6.0\commons-email-1.6.0.jar;C:\Users\ELCOT\.m2\repository\com\sun\mail\jakarta.mail\1.6.7\jakarta.mail-1.6.7.jar;C:\Users\ELCOT\.m2\repository\com\sun\activation\jakarta.activation\1.2.1\jakarta.activation-1.2.1.jar
Launcher Type: SUN_STANDARD

[Global flags]
     intx CICompilerCount                          = 4                                         {product} {ergonomic}
     uint ConcGCThreads                            = 2                                         {product} {ergonomic}
     uint G1ConcRefinementThreads                  = 8                                         {product} {ergonomic}
   size_t G1HeapRegionSize                         = 1048576                                   {product} {ergonomic}
    uintx GCDrainStackTargetSize                   = 64                                        {product} {ergonomic}
   size_t InitialHeapSize                          = 121634816                                 {product} {ergonomic}
   size_t MarkStackSize                            = 4194304                                   {product} {ergonomic}
   size_t MaxHeapSize                              = 1935671296                                {product} {ergonomic}
   size_t MinHeapDeltaBytes                        = 1048576                                   {product} {ergonomic}
   size_t MinHeapSize                              = 8388608                                   {product} {ergonomic}
    uintx NonNMethodCodeHeapSize                   = 5839372                                {pd product} {ergonomic}
    uintx NonProfiledCodeHeapSize                  = 122909434                              {pd product} {ergonomic}
    uintx ProfiledCodeHeapSize                     = 122909434                              {pd product} {ergonomic}
    uintx ReservedCodeCacheSize                    = 251658240                              {pd product} {ergonomic}
     bool SegmentedCodeCache                       = true                                      {product} {ergonomic}
     bool ShowCodeDetailsInExceptionMessages       = true                                   {manageable} {command line}
   size_t SoftMaxHeapSize                          = 1935671296                             {manageable} {ergonomic}
     bool UseCompressedOops                        = true                           {product lp64_product} {ergonomic}
     bool UseG1GC                                  = true                                      {product} {ergonomic}
     bool UseLargePagesIndividualAllocation        = false                                  {pd product} {ergonomic}

Logging:
Log output configuration:
 #0: stdout all=warning uptime,level,tags foldmultilines=false
 #1: stderr all=off uptime,level,tags foldmultilines=false

Release file:
<release file has not been read>
Environment Variables:
JAVA_HOME=C:\Program Files\Java\jdk-25.0.2
PATH=C:/Users/ELCOT/.p2/pool/plugins/org.eclipse.justj.openjdk.hotspot.jre.full.win32.x86_64_21.0.10.v20260205-0638/jre/bin/server;C:/Users/ELCOT/.p2/pool/plugins/org.eclipse.justj.openjdk.hotspot.jre.full.win32.x86_64_21.0.10.v20260205-0638/jre/bin;C:\Program Files\Common Files\Oracle\Java\javapath;C:\windows\system32;C:\windows;C:\windows\System32\Wbem;C:\windows\System32\WindowsPowerShell\v1.0\;C:\windows\System32\OpenSSH\;C:\Program Files\dotnet\;C:\Program Files\Docker\Docker\resources\bin;C:\Users\ELCOT\AppData\Local\Microsoft\WindowsApps;C:\Program Files\Java\jdk-25.0.2\bin;C:\Program Files\Apache\Maven\apache-maven-3.9.12\bin;;C:\windows\system32;
USERNAME=ELCOT
OS=Windows_NT
PROCESSOR_IDENTIFIER=AMD64 Family 23 Model 160 Stepping 0, AuthenticAMD
TMP=C:\Users\ELCOT\AppData\Local\Temp
TEMP=C:\Users\ELCOT\AppData\Local\Temp




Periodic native trim disabled

---------------  S Y S T E M  ---------------

OS:
 Windows 11 , 64 bit Build 26100 (10.0.26100.8246)
OS uptime: 0 days 3:40 hours
Hyper-V role detected

CPU: total 8 (initial active 8) (8 cores per cpu, 2 threads per core) family 23 model 160 stepping 0 microcode 0x8a0000a, cx8, cmov, fxsr, ht, mmx, 3dnowpref, sse, sse2, sse3, ssse3, sse4a, sse4.1, sse4.2, popcnt, lzcnt, tsc, tscinvbit, avx, avx2, aes, clmul, bmi1, bmi2, adx, sha, fma, vzeroupper, clflush, clflushopt, hv, rdtscp, rdpid, f16c
Processor Information for the first 8 processors :
  Max Mhz: 2401, Current Mhz: 2401, Mhz Limit: 2401

Memory: 4k page, system-wide physical 7379M (423M free)
TotalPageFile size 21378M (AvailPageFile size 95M)
current process WorkingSet (physical memory assigned to process): 12M, peak: 12M
current process commit charge ("private bytes"): 60M, peak: 176M

vm_info: OpenJDK 64-Bit Server VM (21.0.10+7-LTS) for windows-amd64 JRE (21.0.10+7-LTS), built on 2026-01-20T00:00:00Z by "admin" with MS VC++ 17.12 (VS2022)

END.
